2019-11-14 13:37:00,494 INFO org.springframework.scheduling.concurrent.ExecutorConfigurationSupport [Thread-2] Shutting down ExecutorService 'applicationTaskExecutor'
2019-11-14 13:37:18,971 INFO org.springframework.boot.StartupInfoLogger [main] Starting OrderManagementApplication on Vedarths-MacBook-Pro.local with PID 25250 (/Users/darth/Downloads/vws-order-management/vds-order-service/target/classes started by darth in /Users/darth/Downloads/vws-order-management)
2019-11-14 13:37:18,975 INFO org.springframework.boot.SpringApplication [main] No active profile set, falling back to default profiles: default
2019-11-14 13:37:20,648 INFO org.springframework.boot.web.embedded.tomcat.TomcatWebServer [main] Tomcat initialized with port(s): 8080 (http)
2019-11-14 13:37:20,683 INFO org.apache.juli.logging.DirectJDKLog [main] Initializing ProtocolHandler ["http-nio-8080"]
2019-11-14 13:37:20,708 INFO org.apache.juli.logging.DirectJDKLog [main] Starting service [Tomcat]
2019-11-14 13:37:20,710 INFO org.apache.juli.logging.DirectJDKLog [main] Starting Servlet engine: [Apache Tomcat/9.0.26]
2019-11-14 13:37:20,857 INFO org.apache.juli.logging.DirectJDKLog [main] Initializing Spring embedded WebApplicationContext
2019-11-14 13:37:20,857 INFO org.springframework.boot.web.servlet.context.ServletWebServerApplicationContext [main] Root WebApplicationContext: initialization completed in 1823 ms
2019-11-14 13:37:21,210 INFO org.springframework.scheduling.concurrent.ExecutorConfigurationSupport [main] Initializing ExecutorService 'applicationTaskExecutor'
2019-11-14 13:37:21,645 INFO org.springframework.security.web.DefaultSecurityFilterChain [main] Creating filter chain: any request, [org.springframework.security.web.context.request.async.WebAsyncManagerIntegrationFilter@50b0afd7, org.springframework.security.web.context.SecurityContextPersistenceFilter@173f1614, org.springframework.security.web.header.HeaderWriterFilter@220c9a63, org.springframework.security.web.authentication.logout.LogoutFilter@ef718de, org.springframework.security.web.authentication.www.BasicAuthenticationFilter@2e1b374c, org.springframework.security.web.savedrequest.RequestCacheAwareFilter@7645f03e, org.springframework.security.web.servletapi.SecurityContextHolderAwareRequestFilter@5426cb36, org.springframework.security.web.authentication.AnonymousAuthenticationFilter@468173fa, org.springframework.security.web.session.SessionManagementFilter@40bb4f87, org.springframework.security.web.access.ExceptionTranslationFilter@2bc7db89, org.springframework.security.web.access.intercept.FilterSecurityInterceptor@67d32a54]
2019-11-14 13:37:21,705 INFO org.apache.juli.logging.DirectJDKLog [main] Starting ProtocolHandler ["http-nio-8080"]
2019-11-14 13:37:21,742 INFO org.springframework.boot.web.embedded.tomcat.TomcatWebServer [main] Tomcat started on port(s): 8080 (http) with context path ''
2019-11-14 13:37:21,750 INFO org.springframework.boot.StartupInfoLogger [main] Started OrderManagementApplication in 8.72 seconds (JVM running for 9.934)
2019-11-14 13:37:29,280 INFO org.springframework.boot.StartupInfoLogger [main] Starting OrderManagementApplication on Vedarths-MacBook-Pro.local with PID 25254 (/Users/darth/Downloads/vws-order-management/vds-order-service/target/classes started by darth in /Users/darth/Downloads/vws-order-management)
2019-11-14 13:37:29,288 INFO org.springframework.boot.SpringApplication [main] No active profile set, falling back to default profiles: default
2019-11-14 13:37:30,996 INFO org.springframework.boot.web.embedded.tomcat.TomcatWebServer [main] Tomcat initialized with port(s): 8080 (http)
2019-11-14 13:37:31,024 INFO org.apache.juli.logging.DirectJDKLog [main] Initializing ProtocolHandler ["http-nio-8080"]
2019-11-14 13:37:31,042 INFO org.apache.juli.logging.DirectJDKLog [main] Starting service [Tomcat]
2019-11-14 13:37:31,044 INFO org.apache.juli.logging.DirectJDKLog [main] Starting Servlet engine: [Apache Tomcat/9.0.26]
2019-11-14 13:37:31,198 INFO org.apache.juli.logging.DirectJDKLog [main] Initializing Spring embedded WebApplicationContext
2019-11-14 13:37:31,199 INFO org.springframework.boot.web.servlet.context.ServletWebServerApplicationContext [main] Root WebApplicationContext: initialization completed in 1846 ms
2019-11-14 13:37:31,654 INFO org.springframework.scheduling.concurrent.ExecutorConfigurationSupport [main] Initializing ExecutorService 'applicationTaskExecutor'
2019-11-14 13:37:32,064 INFO org.springframework.security.web.DefaultSecurityFilterChain [main] Creating filter chain: any request, [org.springframework.security.web.context.request.async.WebAsyncManagerIntegrationFilter@32f32623, org.springframework.security.web.context.SecurityContextPersistenceFilter@1c93b51e, org.springframework.security.web.header.HeaderWriterFilter@481558ce, org.springframework.security.web.authentication.logout.LogoutFilter@3443e476, org.springframework.security.web.authentication.www.BasicAuthenticationFilter@a6e4897, org.springframework.security.web.savedrequest.RequestCacheAwareFilter@2abc8034, org.springframework.security.web.servletapi.SecurityContextHolderAwareRequestFilter@ca8ef3a, org.springframework.security.web.authentication.AnonymousAuthenticationFilter@3becc950, org.springframework.security.web.session.SessionManagementFilter@7f353a0f, org.springframework.security.web.access.ExceptionTranslationFilter@554188ac, org.springframework.security.web.access.intercept.FilterSecurityInterceptor@2839e3c8]
2019-11-14 13:37:32,118 INFO org.apache.juli.logging.DirectJDKLog [main] Starting ProtocolHandler ["http-nio-8080"]
2019-11-14 13:37:32,147 ERROR org.apache.juli.logging.DirectJDKLog [main] Failed to start component [Connector[HTTP/1.1-8080]]
org.apache.catalina.LifecycleException: Protocol handler start failed
	at org.apache.catalina.connector.Connector.startInternal(Connector.java:1008)
	at org.apache.catalina.util.LifecycleBase.start(LifecycleBase.java:183)
	at org.apache.catalina.core.StandardService.addConnector(StandardService.java:227)
	at org.springframework.boot.web.embedded.tomcat.TomcatWebServer.addPreviouslyRemovedConnectors(TomcatWebServer.java:263)
	at org.springframework.boot.web.embedded.tomcat.TomcatWebServer.start(TomcatWebServer.java:195)
	at org.springframework.boot.web.servlet.context.ServletWebServerApplicationContext.startWebServer(ServletWebServerApplicationContext.java:297)
	at org.springframework.boot.web.servlet.context.ServletWebServerApplicationContext.finishRefresh(ServletWebServerApplicationContext.java:163)
	at org.springframework.context.support.AbstractApplicationContext.refresh(AbstractApplicationContext.java:552)
	at org.springframework.boot.web.servlet.context.ServletWebServerApplicationContext.refresh(ServletWebServerApplicationContext.java:141)
	at org.springframework.boot.SpringApplication.refresh(SpringApplication.java:744)
	at org.springframework.boot.SpringApplication.refreshContext(SpringApplication.java:391)
	at org.springframework.boot.SpringApplication.run(SpringApplication.java:312)
	at org.springframework.boot.SpringApplication.run(SpringApplication.java:1215)
	at org.springframework.boot.SpringApplication.run(SpringApplication.java:1204)
	at com.vedarth.coffeeorder.controller.OrderManagementApplication.main(OrderManagementApplication.java:12)
Caused by: java.net.BindException: Address already in use
	at java.base/sun.nio.ch.Net.bind0(Native Method)
	at java.base/sun.nio.ch.Net.bind(Net.java:433)
	at java.base/sun.nio.ch.Net.bind(Net.java:425)
	at java.base/sun.nio.ch.ServerSocketChannelImpl.bind(ServerSocketChannelImpl.java:225)
	at java.base/sun.nio.ch.ServerSocketAdaptor.bind(ServerSocketAdaptor.java:74)
	at org.apache.tomcat.util.net.NioEndpoint.initServerSocket(NioEndpoint.java:230)
	at org.apache.tomcat.util.net.NioEndpoint.bind(NioEndpoint.java:213)
	at org.apache.tomcat.util.net.AbstractEndpoint.bindWithCleanup(AbstractEndpoint.java:1124)
	at org.apache.tomcat.util.net.AbstractEndpoint.start(AbstractEndpoint.java:1210)
	at org.apache.coyote.AbstractProtocol.start(AbstractProtocol.java:585)
	at org.apache.catalina.connector.Connector.startInternal(Connector.java:1005)
	... 14 common frames omitted
2019-11-14 13:37:32,156 INFO org.apache.juli.logging.DirectJDKLog [main] Pausing ProtocolHandler ["http-nio-8080"]
2019-11-14 13:37:32,157 INFO org.apache.juli.logging.DirectJDKLog [main] Stopping service [Tomcat]
2019-11-14 13:37:32,168 INFO org.apache.juli.logging.DirectJDKLog [main] The stop() method was called on component [StandardServer[-1]] after stop() had already been called. The second call will be ignored.
2019-11-14 13:37:32,168 INFO org.apache.juli.logging.DirectJDKLog [main] Stopping ProtocolHandler ["http-nio-8080"]
2019-11-14 13:37:32,169 INFO org.apache.juli.logging.DirectJDKLog [main] Destroying ProtocolHandler ["http-nio-8080"]
2019-11-14 13:37:32,173 INFO org.springframework.boot.autoconfigure.logging.ConditionEvaluationReportLoggingListener [main] 

Error starting ApplicationContext. To display the conditions report re-run your application with 'debug' enabled.
2019-11-14 13:37:32,175 ERROR org.springframework.boot.diagnostics.LoggingFailureAnalysisReporter [main] 

***************************
APPLICATION FAILED TO START
***************************

Description:

The Tomcat connector configured to listen on port 8080 failed to start. The port may already be in use or the connector may be misconfigured.

Action:

Verify the connector's configuration, identify and stop any process that's listening on port 8080, or configure this application to listen on another port.

2019-11-14 13:37:32,178 INFO org.springframework.scheduling.concurrent.ExecutorConfigurationSupport [main] Shutting down ExecutorService 'applicationTaskExecutor'
2019-11-14 13:38:23,599 INFO org.springframework.boot.StartupInfoLogger [main] Starting OrderManagementApplication on Vedarths-MacBook-Pro.local with PID 25264 (/Users/darth/Downloads/vws-order-management/vds-order-service/target/classes started by darth in /Users/darth/Downloads/vws-order-management)
2019-11-14 13:38:23,602 INFO org.springframework.boot.SpringApplication [main] No active profile set, falling back to default profiles: default
2019-11-14 13:38:25,326 INFO org.springframework.boot.web.embedded.tomcat.TomcatWebServer [main] Tomcat initialized with port(s): 8080 (http)
2019-11-14 13:38:25,354 INFO org.apache.juli.logging.DirectJDKLog [main] Initializing ProtocolHandler ["http-nio-8080"]
2019-11-14 13:38:25,372 INFO org.apache.juli.logging.DirectJDKLog [main] Starting service [Tomcat]
2019-11-14 13:38:25,372 INFO org.apache.juli.logging.DirectJDKLog [main] Starting Servlet engine: [Apache Tomcat/9.0.26]
2019-11-14 13:38:25,496 INFO org.apache.juli.logging.DirectJDKLog [main] Initializing Spring embedded WebApplicationContext
2019-11-14 13:38:25,497 INFO org.springframework.boot.web.servlet.context.ServletWebServerApplicationContext [main] Root WebApplicationContext: initialization completed in 1829 ms
2019-11-14 13:38:25,905 INFO org.springframework.scheduling.concurrent.ExecutorConfigurationSupport [main] Initializing ExecutorService 'applicationTaskExecutor'
2019-11-14 13:38:26,323 INFO org.springframework.security.web.DefaultSecurityFilterChain [main] Creating filter chain: any request, [org.springframework.security.web.context.request.async.WebAsyncManagerIntegrationFilter@4f379769, org.springframework.security.web.context.SecurityContextPersistenceFilter@566f1852, org.springframework.security.web.header.HeaderWriterFilter@6975fb1c, org.springframework.security.web.authentication.logout.LogoutFilter@706ddbc8, org.springframework.security.web.authentication.www.BasicAuthenticationFilter@144ab983, org.springframework.security.web.savedrequest.RequestCacheAwareFilter@2e4389ed, org.springframework.security.web.servletapi.SecurityContextHolderAwareRequestFilter@91da29b, org.springframework.security.web.authentication.AnonymousAuthenticationFilter@1c57f6b2, org.springframework.security.web.session.SessionManagementFilter@327e5be5, org.springframework.security.web.access.ExceptionTranslationFilter@4684240f, org.springframework.security.web.access.intercept.FilterSecurityInterceptor@2a02e34b]
2019-11-14 13:38:26,389 INFO org.apache.juli.logging.DirectJDKLog [main] Starting ProtocolHandler ["http-nio-8080"]
2019-11-14 13:38:26,424 INFO org.springframework.boot.web.embedded.tomcat.TomcatWebServer [main] Tomcat started on port(s): 8080 (http) with context path ''
2019-11-14 13:38:26,430 INFO org.springframework.boot.StartupInfoLogger [main] Started OrderManagementApplication in 8.514 seconds (JVM running for 9.211)
2019-11-14 13:38:43,851 INFO org.apache.juli.logging.DirectJDKLog [http-nio-8080-exec-1] Initializing Spring DispatcherServlet 'dispatcherServlet'
2019-11-14 13:38:43,852 INFO org.springframework.web.servlet.FrameworkServlet [http-nio-8080-exec-1] Initializing Servlet 'dispatcherServlet'
2019-11-14 13:38:43,865 INFO org.springframework.web.servlet.FrameworkServlet [http-nio-8080-exec-1] Completed initialization in 13 ms
2019-11-14 19:18:29,928 INFO org.springframework.scheduling.concurrent.ExecutorConfigurationSupport [Thread-2] Shutting down ExecutorService 'applicationTaskExecutor'
2019-11-14 19:18:34,376 INFO org.springframework.boot.StartupInfoLogger [main] Starting OrderManagementApplication on vedarths-mbp.lan with PID 26525 (/Users/darth/Downloads/vws-order-management/vds-order-service/target/classes started by darth in /Users/darth/Downloads/vws-order-management)
2019-11-14 19:18:34,382 INFO org.springframework.boot.SpringApplication [main] No active profile set, falling back to default profiles: default
2019-11-14 19:18:36,725 INFO org.springframework.boot.web.embedded.tomcat.TomcatWebServer [main] Tomcat initialized with port(s): 8080 (http)
2019-11-14 19:18:36,759 INFO org.apache.juli.logging.DirectJDKLog [main] Initializing ProtocolHandler ["http-nio-8080"]
2019-11-14 19:18:36,778 INFO org.apache.juli.logging.DirectJDKLog [main] Starting service [Tomcat]
2019-11-14 19:18:36,781 INFO org.apache.juli.logging.DirectJDKLog [main] Starting Servlet engine: [Apache Tomcat/9.0.26]
2019-11-14 19:18:36,935 INFO org.apache.juli.logging.DirectJDKLog [main] Initializing Spring embedded WebApplicationContext
2019-11-14 19:18:36,937 INFO org.springframework.boot.web.servlet.context.ServletWebServerApplicationContext [main] Root WebApplicationContext: initialization completed in 2403 ms
2019-11-14 19:18:37,428 INFO org.springframework.scheduling.concurrent.ExecutorConfigurationSupport [main] Initializing ExecutorService 'applicationTaskExecutor'
2019-11-14 19:18:37,885 INFO org.springframework.security.web.DefaultSecurityFilterChain [main] Creating filter chain: any request, [org.springframework.security.web.context.request.async.WebAsyncManagerIntegrationFilter@12417468, org.springframework.security.web.context.SecurityContextPersistenceFilter@5bcec67e, org.springframework.security.web.header.HeaderWriterFilter@6b2dd3df, org.springframework.security.web.authentication.logout.LogoutFilter@713a35c5, org.springframework.security.web.authentication.www.BasicAuthenticationFilter@11787b64, org.springframework.security.web.savedrequest.RequestCacheAwareFilter@7a2fce12, org.springframework.security.web.servletapi.SecurityContextHolderAwareRequestFilter@68b7d0ef, org.springframework.security.web.authentication.AnonymousAuthenticationFilter@459003a0, org.springframework.security.web.session.SessionManagementFilter@73c48264, org.springframework.security.web.access.ExceptionTranslationFilter@6b5ab2f2, org.springframework.security.web.access.intercept.FilterSecurityInterceptor@525b1b70]
2019-11-14 19:18:37,950 INFO org.apache.juli.logging.DirectJDKLog [main] Starting ProtocolHandler ["http-nio-8080"]
2019-11-14 19:18:37,992 INFO org.springframework.boot.web.embedded.tomcat.TomcatWebServer [main] Tomcat started on port(s): 8080 (http) with context path ''
2019-11-14 19:18:37,998 INFO org.springframework.boot.StartupInfoLogger [main] Started OrderManagementApplication in 5.254 seconds (JVM running for 6.322)
2019-11-14 19:20:41,950 INFO org.apache.juli.logging.DirectJDKLog [http-nio-8080-exec-1] Initializing Spring DispatcherServlet 'dispatcherServlet'
2019-11-14 19:20:41,951 INFO org.springframework.web.servlet.FrameworkServlet [http-nio-8080-exec-1] Initializing Servlet 'dispatcherServlet'
2019-11-14 19:20:41,959 INFO org.springframework.web.servlet.FrameworkServlet [http-nio-8080-exec-1] Completed initialization in 8 ms
2019-11-14 19:29:04,193 INFO org.springframework.scheduling.concurrent.ExecutorConfigurationSupport [Thread-2] Shutting down ExecutorService 'applicationTaskExecutor'
2019-11-14 19:29:09,137 INFO org.springframework.boot.StartupInfoLogger [main] Starting OrderManagementApplication on vedarths-mbp.lan with PID 26736 (/Users/darth/Downloads/vws-order-management/vds-order-service/target/classes started by darth in /Users/darth/Downloads/vws-order-management)
2019-11-14 19:29:09,141 INFO org.springframework.boot.SpringApplication [main] No active profile set, falling back to default profiles: default
2019-11-14 19:29:11,486 INFO org.springframework.boot.web.embedded.tomcat.TomcatWebServer [main] Tomcat initialized with port(s): 8080 (http)
2019-11-14 19:29:11,538 INFO org.apache.juli.logging.DirectJDKLog [main] Initializing ProtocolHandler ["http-nio-8080"]
2019-11-14 19:29:11,562 INFO org.apache.juli.logging.DirectJDKLog [main] Starting service [Tomcat]
2019-11-14 19:29:11,564 INFO org.apache.juli.logging.DirectJDKLog [main] Starting Servlet engine: [Apache Tomcat/9.0.26]
2019-11-14 19:29:11,790 INFO org.apache.juli.logging.DirectJDKLog [main] Initializing Spring embedded WebApplicationContext
2019-11-14 19:29:11,791 INFO org.springframework.boot.web.servlet.context.ServletWebServerApplicationContext [main] Root WebApplicationContext: initialization completed in 2426 ms
2019-11-14 19:29:12,251 INFO org.springframework.scheduling.concurrent.ExecutorConfigurationSupport [main] Initializing ExecutorService 'applicationTaskExecutor'
2019-11-14 19:29:12,646 INFO org.springframework.security.web.DefaultSecurityFilterChain [main] Creating filter chain: any request, [org.springframework.security.web.context.request.async.WebAsyncManagerIntegrationFilter@2233cac0, org.springframework.security.web.context.SecurityContextPersistenceFilter@4bb1b96b, org.springframework.security.web.header.HeaderWriterFilter@5bcec67e, org.springframework.security.web.authentication.logout.LogoutFilter@77b3752b, org.springframework.security.web.authentication.www.BasicAuthenticationFilter@319642db, org.springframework.security.web.savedrequest.RequestCacheAwareFilter@1f66d8e1, org.springframework.security.web.servletapi.SecurityContextHolderAwareRequestFilter@202d9236, org.springframework.security.web.authentication.AnonymousAuthenticationFilter@67fb5025, org.springframework.security.web.session.SessionManagementFilter@7a2fce12, org.springframework.security.web.access.ExceptionTranslationFilter@73c48264, org.springframework.security.web.access.intercept.FilterSecurityInterceptor@661d6bb6]
2019-11-14 19:29:12,708 INFO org.apache.juli.logging.DirectJDKLog [main] Starting ProtocolHandler ["http-nio-8080"]
2019-11-14 19:29:12,742 INFO org.springframework.boot.web.embedded.tomcat.TomcatWebServer [main] Tomcat started on port(s): 8080 (http) with context path ''
2019-11-14 19:29:12,749 INFO org.springframework.boot.StartupInfoLogger [main] Started OrderManagementApplication in 4.903 seconds (JVM running for 6.072)
2019-11-14 19:29:24,132 INFO org.apache.juli.logging.DirectJDKLog [http-nio-8080-exec-2] Initializing Spring DispatcherServlet 'dispatcherServlet'
2019-11-14 19:29:24,133 INFO org.springframework.web.servlet.FrameworkServlet [http-nio-8080-exec-2] Initializing Servlet 'dispatcherServlet'
2019-11-14 19:29:24,142 INFO org.springframework.web.servlet.FrameworkServlet [http-nio-8080-exec-2] Completed initialization in 8 ms
2019-11-14 19:32:26,452 INFO org.springframework.scheduling.concurrent.ExecutorConfigurationSupport [Thread-2] Shutting down ExecutorService 'applicationTaskExecutor'
2019-11-14 21:45:32,916 INFO org.springframework.boot.StartupInfoLogger [main] Starting OrderManagementApplication on vedarths-mbp.lan with PID 28296 (/Users/darth/Downloads/vws-order-management/vds-order-service/target/classes started by darth in /Users/darth/Downloads/vws-order-management)
2019-11-14 21:45:32,920 INFO org.springframework.boot.SpringApplication [main] No active profile set, falling back to default profiles: default
2019-11-14 21:45:34,819 INFO org.springframework.boot.web.embedded.tomcat.TomcatWebServer [main] Tomcat initialized with port(s): 8080 (http)
2019-11-14 21:45:34,854 INFO org.apache.juli.logging.DirectJDKLog [main] Initializing ProtocolHandler ["http-nio-8080"]
2019-11-14 21:45:34,873 INFO org.apache.juli.logging.DirectJDKLog [main] Starting service [Tomcat]
2019-11-14 21:45:34,873 INFO org.apache.juli.logging.DirectJDKLog [main] Starting Servlet engine: [Apache Tomcat/9.0.26]
2019-11-14 21:45:35,018 INFO org.apache.juli.logging.DirectJDKLog [main] Initializing Spring embedded WebApplicationContext
2019-11-14 21:45:35,019 INFO org.springframework.boot.web.servlet.context.ServletWebServerApplicationContext [main] Root WebApplicationContext: initialization completed in 2001 ms
2019-11-14 21:45:35,430 INFO org.springframework.scheduling.concurrent.ExecutorConfigurationSupport [main] Initializing ExecutorService 'applicationTaskExecutor'
2019-11-14 21:45:35,859 INFO org.springframework.security.web.DefaultSecurityFilterChain [main] Creating filter chain: any request, [org.springframework.security.web.context.request.async.WebAsyncManagerIntegrationFilter@22d7fd41, org.springframework.security.web.context.SecurityContextPersistenceFilter@10244722, org.springframework.security.web.header.HeaderWriterFilter@373e6b9d, org.springframework.security.web.authentication.logout.LogoutFilter@60743cdb, org.springframework.security.web.authentication.www.BasicAuthenticationFilter@71179b6f, org.springframework.security.web.savedrequest.RequestCacheAwareFilter@721d8ab5, org.springframework.security.web.servletapi.SecurityContextHolderAwareRequestFilter@1150d471, org.springframework.security.web.authentication.AnonymousAuthenticationFilter@2c748a15, org.springframework.security.web.session.SessionManagementFilter@56b8aaf1, org.springframework.security.web.access.ExceptionTranslationFilter@ec7b5de, org.springframework.security.web.access.intercept.FilterSecurityInterceptor@67fa5045]
2019-11-14 21:45:35,931 INFO org.apache.juli.logging.DirectJDKLog [main] Starting ProtocolHandler ["http-nio-8080"]
2019-11-14 21:45:35,976 INFO org.springframework.boot.web.embedded.tomcat.TomcatWebServer [main] Tomcat started on port(s): 8080 (http) with context path ''
2019-11-14 21:45:35,988 INFO org.springframework.boot.StartupInfoLogger [main] Started OrderManagementApplication in 4.511 seconds (JVM running for 5.802)
2019-11-14 21:54:35,436 INFO org.springframework.scheduling.concurrent.ExecutorConfigurationSupport [Thread-2] Shutting down ExecutorService 'applicationTaskExecutor'
2019-11-14 21:54:40,537 INFO org.springframework.boot.StartupInfoLogger [main] Starting OrderManagementApplication on vedarths-mbp.lan with PID 28442 (/Users/darth/Downloads/vws-order-management/vds-order-service/target/classes started by darth in /Users/darth/Downloads/vws-order-management)
2019-11-14 21:54:40,541 INFO org.springframework.boot.SpringApplication [main] No active profile set, falling back to default profiles: default
2019-11-14 21:54:42,998 INFO org.springframework.boot.web.embedded.tomcat.TomcatWebServer [main] Tomcat initialized with port(s): 8080 (http)
2019-11-14 21:54:43,032 INFO org.apache.juli.logging.DirectJDKLog [main] Initializing ProtocolHandler ["http-nio-8080"]
2019-11-14 21:54:43,056 INFO org.apache.juli.logging.DirectJDKLog [main] Starting service [Tomcat]
2019-11-14 21:54:43,058 INFO org.apache.juli.logging.DirectJDKLog [main] Starting Servlet engine: [Apache Tomcat/9.0.26]
2019-11-14 21:54:43,261 INFO org.apache.juli.logging.DirectJDKLog [main] Initializing Spring embedded WebApplicationContext
2019-11-14 21:54:43,261 INFO org.springframework.boot.web.servlet.context.ServletWebServerApplicationContext [main] Root WebApplicationContext: initialization completed in 2629 ms
2019-11-14 21:54:44,668 INFO org.springframework.scheduling.concurrent.ExecutorConfigurationSupport [main] Initializing ExecutorService 'applicationTaskExecutor'
2019-11-14 21:54:45,325 INFO org.springframework.security.web.DefaultSecurityFilterChain [main] Creating filter chain: any request, [org.springframework.security.web.context.request.async.WebAsyncManagerIntegrationFilter@570ba13, org.springframework.security.web.context.SecurityContextPersistenceFilter@59c500f7, org.springframework.security.web.header.HeaderWriterFilter@776015fc, org.springframework.security.web.authentication.logout.LogoutFilter@7069f076, org.springframework.security.web.authentication.www.BasicAuthenticationFilter@764b14b8, org.springframework.security.web.savedrequest.RequestCacheAwareFilter@50110971, org.springframework.security.web.servletapi.SecurityContextHolderAwareRequestFilter@4db77402, org.springframework.security.web.authentication.AnonymousAuthenticationFilter@37a9b687, org.springframework.security.web.session.SessionManagementFilter@6ad179b4, org.springframework.security.web.access.ExceptionTranslationFilter@29079032, org.springframework.security.web.access.intercept.FilterSecurityInterceptor@61191222]
2019-11-14 21:54:45,400 INFO org.apache.juli.logging.DirectJDKLog [main] Starting ProtocolHandler ["http-nio-8080"]
2019-11-14 21:54:45,476 INFO org.springframework.boot.web.embedded.tomcat.TomcatWebServer [main] Tomcat started on port(s): 8080 (http) with context path ''
2019-11-14 21:54:45,489 INFO org.springframework.boot.StartupInfoLogger [main] Started OrderManagementApplication in 6.211 seconds (JVM running for 7.218)
2019-11-14 21:58:13,899 INFO org.apache.juli.logging.DirectJDKLog [http-nio-8080-exec-2] Initializing Spring DispatcherServlet 'dispatcherServlet'
2019-11-14 21:58:13,900 INFO org.springframework.web.servlet.FrameworkServlet [http-nio-8080-exec-2] Initializing Servlet 'dispatcherServlet'
2019-11-14 21:58:13,916 INFO org.springframework.web.servlet.FrameworkServlet [http-nio-8080-exec-2] Completed initialization in 16 ms
2019-11-14 21:59:04,547 INFO org.springframework.scheduling.concurrent.ExecutorConfigurationSupport [Thread-2] Shutting down ExecutorService 'applicationTaskExecutor'
2019-11-14 21:59:09,120 INFO org.springframework.boot.StartupInfoLogger [main] Starting OrderManagementApplication on vedarths-mbp.lan with PID 28483 (/Users/darth/Downloads/vws-order-management/vds-order-service/target/classes started by darth in /Users/darth/Downloads/vws-order-management)
2019-11-14 21:59:09,124 INFO org.springframework.boot.SpringApplication [main] No active profile set, falling back to default profiles: default
2019-11-14 21:59:10,990 INFO org.springframework.boot.web.embedded.tomcat.TomcatWebServer [main] Tomcat initialized with port(s): 8080 (http)
2019-11-14 21:59:11,023 INFO org.apache.juli.logging.DirectJDKLog [main] Initializing ProtocolHandler ["http-nio-8080"]
2019-11-14 21:59:11,048 INFO org.apache.juli.logging.DirectJDKLog [main] Starting service [Tomcat]
2019-11-14 21:59:11,049 INFO org.apache.juli.logging.DirectJDKLog [main] Starting Servlet engine: [Apache Tomcat/9.0.26]
2019-11-14 21:59:11,260 INFO org.apache.juli.logging.DirectJDKLog [main] Initializing Spring embedded WebApplicationContext
2019-11-14 21:59:11,261 INFO org.springframework.boot.web.servlet.context.ServletWebServerApplicationContext [main] Root WebApplicationContext: initialization completed in 2023 ms
2019-11-14 21:59:12,543 INFO org.springframework.scheduling.concurrent.ExecutorConfigurationSupport [main] Initializing ExecutorService 'applicationTaskExecutor'
2019-11-14 21:59:13,228 INFO org.springframework.security.web.DefaultSecurityFilterChain [main] Creating filter chain: any request, [org.springframework.security.web.context.request.async.WebAsyncManagerIntegrationFilter@525b1b70, org.springframework.security.web.context.SecurityContextPersistenceFilter@6661d8c0, org.springframework.security.web.header.HeaderWriterFilter@59c500f7, org.springframework.security.web.authentication.logout.LogoutFilter@1f782c05, org.springframework.security.web.authentication.www.BasicAuthenticationFilter@432af457, org.springframework.security.web.savedrequest.RequestCacheAwareFilter@6909f6be, org.springframework.security.web.servletapi.SecurityContextHolderAwareRequestFilter@2dafae61, org.springframework.security.web.authentication.AnonymousAuthenticationFilter@16d07cf3, org.springframework.security.web.session.SessionManagementFilter@50110971, org.springframework.security.web.access.ExceptionTranslationFilter@6ad179b4, org.springframework.security.web.access.intercept.FilterSecurityInterceptor@7f3ca64a]
2019-11-14 21:59:13,305 INFO org.apache.juli.logging.DirectJDKLog [main] Starting ProtocolHandler ["http-nio-8080"]
2019-11-14 21:59:13,372 INFO org.springframework.boot.web.embedded.tomcat.TomcatWebServer [main] Tomcat started on port(s): 8080 (http) with context path ''
2019-11-14 21:59:13,383 INFO org.springframework.boot.StartupInfoLogger [main] Started OrderManagementApplication in 5.555 seconds (JVM running for 6.522)
2019-11-14 21:59:19,193 INFO org.apache.juli.logging.DirectJDKLog [http-nio-8080-exec-1] Initializing Spring DispatcherServlet 'dispatcherServlet'
2019-11-14 21:59:19,194 INFO org.springframework.web.servlet.FrameworkServlet [http-nio-8080-exec-1] Initializing Servlet 'dispatcherServlet'
2019-11-14 21:59:19,213 INFO org.springframework.web.servlet.FrameworkServlet [http-nio-8080-exec-1] Completed initialization in 19 ms
2019-11-14 21:59:19,650 WARN org.springframework.web.servlet.handler.AbstractHandlerExceptionResolver [http-nio-8080-exec-1] Resolved [org.springframework.http.converter.HttpMessageNotReadableException: Required request body is missing: public java.lang.String com.vedarth.coffeeorder.controller.StoreOrderController.receiptOrder(java.lang.String,com.vedarth.order.model.store.StoreOrder)]
2019-11-14 22:01:18,214 INFO com.vedarth.coffeeorder.controller.StoreOrderController [http-nio-8080-exec-4] Receipting order [12345}
2019-11-14 22:01:18,218 INFO com.vedarth.application.order.StoreOrderApplication [http-nio-8080-exec-4] receipting store order with order number [12345]
