2019-10-13 19:46:20,696 INFO org.springframework.boot.StartupInfoLogger [main] Starting VwsCoffeeOrderApplication on vedarths-mbp.lan with PID 17331 (/Users/darth/Downloads/vws-order-management/vds-order-service/target/classes started by darth in /Users/darth/Downloads/vws-order-management)
2019-10-13 19:46:20,727 INFO org.springframework.boot.SpringApplication [main] No active profile set, falling back to default profiles: default
2019-10-13 19:46:22,960 INFO org.springframework.boot.web.embedded.tomcat.TomcatWebServer [main] Tomcat initialized with port(s): 8080 (http)
2019-10-13 19:46:22,981 INFO org.apache.juli.logging.DirectJDKLog [main] Initializing ProtocolHandler ["http-nio-8080"]
2019-10-13 19:46:22,998 INFO org.apache.juli.logging.DirectJDKLog [main] Starting service [Tomcat]
2019-10-13 19:46:22,999 INFO org.apache.juli.logging.DirectJDKLog [main] Starting Servlet engine: [Apache Tomcat/9.0.26]
2019-10-13 19:46:23,140 INFO org.apache.juli.logging.DirectJDKLog [main] Initializing Spring embedded WebApplicationContext
2019-10-13 19:46:23,141 INFO org.springframework.boot.web.servlet.context.ServletWebServerApplicationContext [main] Root WebApplicationContext: initialization completed in 2191 ms
2019-10-13 19:46:23,454 INFO org.springframework.scheduling.concurrent.ExecutorConfigurationSupport [main] Initializing ExecutorService 'applicationTaskExecutor'
2019-10-13 19:46:23,695 INFO org.apache.juli.logging.DirectJDKLog [main] Starting ProtocolHandler ["http-nio-8080"]
2019-10-13 19:46:23,722 INFO org.springframework.boot.web.embedded.tomcat.TomcatWebServer [main] Tomcat started on port(s): 8080 (http) with context path ''
2019-10-13 19:46:23,726 INFO org.springframework.boot.StartupInfoLogger [main] Started VwsCoffeeOrderApplication in 4.018 seconds (JVM running for 4.743)
2019-10-13 19:47:21,590 INFO org.apache.juli.logging.DirectJDKLog [http-nio-8080-exec-1] Initializing Spring DispatcherServlet 'dispatcherServlet'
2019-10-13 19:47:21,591 INFO org.springframework.web.servlet.FrameworkServlet [http-nio-8080-exec-1] Initializing Servlet 'dispatcherServlet'
2019-10-13 19:47:21,597 INFO org.springframework.web.servlet.FrameworkServlet [http-nio-8080-exec-1] Completed initialization in 6 ms
2019-10-13 19:52:43,336 INFO org.springframework.scheduling.concurrent.ExecutorConfigurationSupport [Thread-2] Shutting down ExecutorService 'applicationTaskExecutor'
2019-10-13 19:52:47,501 INFO org.springframework.boot.StartupInfoLogger [main] Starting OrderManagementApplication on vedarths-mbp.lan with PID 17346 (/Users/darth/Downloads/vws-order-management/vds-order-service/target/classes started by darth in /Users/darth/Downloads/vws-order-management)
2019-10-13 19:52:47,505 INFO org.springframework.boot.SpringApplication [main] No active profile set, falling back to default profiles: default
2019-10-13 19:52:49,231 INFO org.springframework.boot.web.embedded.tomcat.TomcatWebServer [main] Tomcat initialized with port(s): 8080 (http)
2019-10-13 19:52:49,253 INFO org.apache.juli.logging.DirectJDKLog [main] Initializing ProtocolHandler ["http-nio-8080"]
2019-10-13 19:52:49,268 INFO org.apache.juli.logging.DirectJDKLog [main] Starting service [Tomcat]
2019-10-13 19:52:49,269 INFO org.apache.juli.logging.DirectJDKLog [main] Starting Servlet engine: [Apache Tomcat/9.0.26]
2019-10-13 19:52:49,388 INFO org.apache.juli.logging.DirectJDKLog [main] Initializing Spring embedded WebApplicationContext
2019-10-13 19:52:49,388 INFO org.springframework.boot.web.servlet.context.ServletWebServerApplicationContext [main] Root WebApplicationContext: initialization completed in 1731 ms
2019-10-13 19:52:49,463 WARN org.springframework.context.support.AbstractApplicationContext [main] Exception encountered during context initialization - cancelling refresh attempt: org.springframework.beans.factory.UnsatisfiedDependencyException: Error creating bean with name 'orderController' defined in file [/Users/darth/Downloads/vws-order-management/vds-order-service/target/classes/com/vedarth/coffeeorder/controller/OrderController.class]: Unsatisfied dependency expressed through constructor parameter 0; nested exception is org.springframework.beans.factory.UnsatisfiedDependencyException: Error creating bean with name 'orderService' defined in file [/Users/darth/Downloads/vws-order-management/vds-order-service/target/classes/com/vedarth/coffeeorder/controller/OrderService.class]: Unsatisfied dependency expressed through constructor parameter 0; nested exception is org.springframework.beans.factory.NoSuchBeanDefinitionException: No qualifying bean of type 'com.vedarth.application.order.OrderApplication' available: expected at least 1 bean which qualifies as autowire candidate. Dependency annotations: {}
2019-10-13 19:52:49,467 INFO org.apache.juli.logging.DirectJDKLog [main] Stopping service [Tomcat]
2019-10-13 19:52:49,488 INFO org.springframework.boot.autoconfigure.logging.ConditionEvaluationReportLoggingListener [main] 

Error starting ApplicationContext. To display the conditions report re-run your application with 'debug' enabled.
2019-10-13 19:52:49,629 ERROR org.springframework.boot.diagnostics.LoggingFailureAnalysisReporter [main] 

***************************
APPLICATION FAILED TO START
***************************

Description:

Parameter 0 of constructor in com.vedarth.coffeeorder.controller.OrderService required a bean of type 'com.vedarth.application.order.OrderApplication' that could not be found.


Action:

Consider defining a bean of type 'com.vedarth.application.order.OrderApplication' in your configuration.

2019-10-13 19:58:15,454 INFO org.springframework.boot.StartupInfoLogger [main] Starting OrderManagementApplication on vedarths-mbp.lan with PID 17389 (/Users/darth/Downloads/vws-order-management/vds-order-service/target/classes started by darth in /Users/darth/Downloads/vws-order-management)
2019-10-13 19:58:15,465 INFO org.springframework.boot.SpringApplication [main] No active profile set, falling back to default profiles: default
2019-10-13 19:58:17,107 INFO org.springframework.boot.web.embedded.tomcat.TomcatWebServer [main] Tomcat initialized with port(s): 8080 (http)
2019-10-13 19:58:17,131 INFO org.apache.juli.logging.DirectJDKLog [main] Initializing ProtocolHandler ["http-nio-8080"]
2019-10-13 19:58:17,145 INFO org.apache.juli.logging.DirectJDKLog [main] Starting service [Tomcat]
2019-10-13 19:58:17,146 INFO org.apache.juli.logging.DirectJDKLog [main] Starting Servlet engine: [Apache Tomcat/9.0.26]
2019-10-13 19:58:17,263 INFO org.apache.juli.logging.DirectJDKLog [main] Initializing Spring embedded WebApplicationContext
2019-10-13 19:58:17,264 INFO org.springframework.boot.web.servlet.context.ServletWebServerApplicationContext [main] Root WebApplicationContext: initialization completed in 1695 ms
2019-10-13 19:58:17,334 WARN org.springframework.context.support.AbstractApplicationContext [main] Exception encountered during context initialization - cancelling refresh attempt: org.springframework.beans.factory.UnsatisfiedDependencyException: Error creating bean with name 'orderController' defined in file [/Users/darth/Downloads/vws-order-management/vds-order-service/target/classes/com/vedarth/coffeeorder/controller/OrderController.class]: Unsatisfied dependency expressed through constructor parameter 0; nested exception is org.springframework.beans.factory.UnsatisfiedDependencyException: Error creating bean with name 'orderService' defined in file [/Users/darth/Downloads/vws-order-management/vds-order-service/target/classes/com/vedarth/coffeeorder/controller/OrderService.class]: Unsatisfied dependency expressed through constructor parameter 0; nested exception is org.springframework.beans.factory.NoSuchBeanDefinitionException: No qualifying bean of type 'com.vedarth.application.order.OrderApplication' available: expected at least 1 bean which qualifies as autowire candidate. Dependency annotations: {}
2019-10-13 19:58:17,338 INFO org.apache.juli.logging.DirectJDKLog [main] Stopping service [Tomcat]
2019-10-13 19:58:17,354 INFO org.springframework.boot.autoconfigure.logging.ConditionEvaluationReportLoggingListener [main] 

Error starting ApplicationContext. To display the conditions report re-run your application with 'debug' enabled.
2019-10-13 19:58:17,475 ERROR org.springframework.boot.diagnostics.LoggingFailureAnalysisReporter [main] 

***************************
APPLICATION FAILED TO START
***************************

Description:

Parameter 0 of constructor in com.vedarth.coffeeorder.controller.OrderService required a bean of type 'com.vedarth.application.order.OrderApplication' that could not be found.


Action:

Consider defining a bean of type 'com.vedarth.application.order.OrderApplication' in your configuration.

2019-10-13 20:00:15,712 INFO org.springframework.boot.StartupInfoLogger [main] Starting OrderManagementApplication on vedarths-mbp.lan with PID 17422 (/Users/darth/Downloads/vws-order-management/vds-order-service/target/classes started by darth in /Users/darth/Downloads/vws-order-management)
2019-10-13 20:00:15,718 INFO org.springframework.boot.SpringApplication [main] No active profile set, falling back to default profiles: default
2019-10-13 20:00:17,411 INFO org.springframework.boot.web.embedded.tomcat.TomcatWebServer [main] Tomcat initialized with port(s): 8080 (http)
2019-10-13 20:00:17,434 INFO org.apache.juli.logging.DirectJDKLog [main] Initializing ProtocolHandler ["http-nio-8080"]
2019-10-13 20:00:17,451 INFO org.apache.juli.logging.DirectJDKLog [main] Starting service [Tomcat]
2019-10-13 20:00:17,452 INFO org.apache.juli.logging.DirectJDKLog [main] Starting Servlet engine: [Apache Tomcat/9.0.26]
2019-10-13 20:00:17,558 INFO org.apache.juli.logging.DirectJDKLog [main] Initializing Spring embedded WebApplicationContext
2019-10-13 20:00:17,558 INFO org.springframework.boot.web.servlet.context.ServletWebServerApplicationContext [main] Root WebApplicationContext: initialization completed in 1663 ms
2019-10-13 20:00:17,617 WARN org.springframework.context.support.AbstractApplicationContext [main] Exception encountered during context initialization - cancelling refresh attempt: org.springframework.beans.factory.UnsatisfiedDependencyException: Error creating bean with name 'orderController' defined in file [/Users/darth/Downloads/vws-order-management/vds-order-service/target/classes/com/vedarth/coffeeorder/controller/OrderController.class]: Unsatisfied dependency expressed through constructor parameter 0; nested exception is org.springframework.beans.factory.UnsatisfiedDependencyException: Error creating bean with name 'orderService' defined in file [/Users/darth/Downloads/vws-order-management/vds-order-service/target/classes/com/vedarth/coffeeorder/controller/OrderService.class]: Unsatisfied dependency expressed through constructor parameter 0; nested exception is org.springframework.beans.factory.NoSuchBeanDefinitionException: No qualifying bean of type 'com.vedarth.application.order.OrderApplication' available: expected at least 1 bean which qualifies as autowire candidate. Dependency annotations: {}
2019-10-13 20:00:17,624 INFO org.apache.juli.logging.DirectJDKLog [main] Stopping service [Tomcat]
2019-10-13 20:00:17,651 INFO org.springframework.boot.autoconfigure.logging.ConditionEvaluationReportLoggingListener [main] 

Error starting ApplicationContext. To display the conditions report re-run your application with 'debug' enabled.
2019-10-13 20:00:17,783 ERROR org.springframework.boot.diagnostics.LoggingFailureAnalysisReporter [main] 

***************************
APPLICATION FAILED TO START
***************************

Description:

Parameter 0 of constructor in com.vedarth.coffeeorder.controller.OrderService required a bean of type 'com.vedarth.application.order.OrderApplication' that could not be found.


Action:

Consider defining a bean of type 'com.vedarth.application.order.OrderApplication' in your configuration.

2019-10-13 20:02:34,300 INFO org.springframework.boot.StartupInfoLogger [main] Starting OrderManagementApplication on vedarths-mbp.lan with PID 17472 (/Users/darth/Downloads/vws-order-management/vds-order-service/target/classes started by darth in /Users/darth/Downloads/vws-order-management)
2019-10-13 20:02:34,313 INFO org.springframework.boot.SpringApplication [main] No active profile set, falling back to default profiles: default
2019-10-13 20:02:36,404 INFO org.springframework.boot.web.embedded.tomcat.TomcatWebServer [main] Tomcat initialized with port(s): 8080 (http)
2019-10-13 20:02:36,425 INFO org.apache.juli.logging.DirectJDKLog [main] Initializing ProtocolHandler ["http-nio-8080"]
2019-10-13 20:02:36,439 INFO org.apache.juli.logging.DirectJDKLog [main] Starting service [Tomcat]
2019-10-13 20:02:36,439 INFO org.apache.juli.logging.DirectJDKLog [main] Starting Servlet engine: [Apache Tomcat/9.0.26]
2019-10-13 20:02:36,545 INFO org.apache.juli.logging.DirectJDKLog [main] Initializing Spring embedded WebApplicationContext
2019-10-13 20:02:36,546 INFO org.springframework.boot.web.servlet.context.ServletWebServerApplicationContext [main] Root WebApplicationContext: initialization completed in 2149 ms
2019-10-13 20:02:36,788 INFO org.springframework.scheduling.concurrent.ExecutorConfigurationSupport [main] Initializing ExecutorService 'applicationTaskExecutor'
2019-10-13 20:02:36,980 INFO org.apache.juli.logging.DirectJDKLog [main] Starting ProtocolHandler ["http-nio-8080"]
2019-10-13 20:02:37,008 INFO org.springframework.boot.web.embedded.tomcat.TomcatWebServer [main] Tomcat started on port(s): 8080 (http) with context path ''
2019-10-13 20:02:37,016 INFO org.springframework.boot.StartupInfoLogger [main] Started OrderManagementApplication in 3.789 seconds (JVM running for 4.538)
2019-10-13 20:02:54,732 INFO org.apache.juli.logging.DirectJDKLog [http-nio-8080-exec-1] Initializing Spring DispatcherServlet 'dispatcherServlet'
2019-10-13 20:02:54,733 INFO org.springframework.web.servlet.FrameworkServlet [http-nio-8080-exec-1] Initializing Servlet 'dispatcherServlet'
2019-10-13 20:02:54,740 INFO org.springframework.web.servlet.FrameworkServlet [http-nio-8080-exec-1] Completed initialization in 7 ms
2019-10-13 20:10:14,793 INFO org.springframework.scheduling.concurrent.ExecutorConfigurationSupport [Thread-2] Shutting down ExecutorService 'applicationTaskExecutor'
2019-10-13 20:10:34,861 INFO org.springframework.boot.StartupInfoLogger [main] Starting OrderManagementApplication on vedarths-mbp.lan with PID 17522 (/Users/darth/Downloads/vws-order-management/vds-order-service/target/classes started by darth in /Users/darth/Downloads/vws-order-management)
2019-10-13 20:10:34,866 INFO org.springframework.boot.SpringApplication [main] No active profile set, falling back to default profiles: default
2019-10-13 20:10:35,832 WARN org.springframework.context.support.AbstractApplicationContext [main] Exception encountered during context initialization - cancelling refresh attempt: org.springframework.beans.factory.support.BeanDefinitionOverrideException: Invalid bean definition with name 'appErrorController' defined in class path resource [com/vedarth/coffeeorder/controller/OrderManagementConfiguration.class]: Cannot register bean definition [Root bean: class [null]; scope=; abstract=false; lazyInit=false; autowireMode=3; dependencyCheck=0; autowireCandidate=true; primary=false; factoryBeanName=orderManagementConfiguration; factoryMethodName=appErrorController; initMethodName=null; destroyMethodName=(inferred); defined in class path resource [com/vedarth/coffeeorder/controller/OrderManagementConfiguration.class]] for bean 'appErrorController': There is already [Generic bean: class [com.vedarth.coffeeorder.controller.AppErrorController]; scope=singleton; abstract=false; lazyInit=false; autowireMode=0; dependencyCheck=0; autowireCandidate=true; primary=false; factoryBeanName=null; factoryMethodName=null; initMethodName=null; destroyMethodName=null; defined in file [/Users/darth/Downloads/vws-order-management/vds-order-service/target/classes/com/vedarth/coffeeorder/controller/AppErrorController.class]] bound.
2019-10-13 20:10:35,844 INFO org.springframework.boot.autoconfigure.logging.ConditionEvaluationReportLoggingListener [main] 

Error starting ApplicationContext. To display the conditions report re-run your application with 'debug' enabled.
2019-10-13 20:10:35,848 ERROR org.springframework.boot.diagnostics.LoggingFailureAnalysisReporter [main] 

***************************
APPLICATION FAILED TO START
***************************

Description:

The bean 'appErrorController', defined in class path resource [com/vedarth/coffeeorder/controller/OrderManagementConfiguration.class], could not be registered. A bean with that name has already been defined in file [/Users/darth/Downloads/vws-order-management/vds-order-service/target/classes/com/vedarth/coffeeorder/controller/AppErrorController.class] and overriding is disabled.

Action:

Consider renaming one of the beans or enabling overriding by setting spring.main.allow-bean-definition-overriding=true

2019-10-13 20:11:20,158 INFO org.springframework.boot.StartupInfoLogger [main] Starting OrderManagementApplication on vedarths-mbp.lan with PID 17524 (/Users/darth/Downloads/vws-order-management/vds-order-service/target/classes started by darth in /Users/darth/Downloads/vws-order-management)
2019-10-13 20:11:20,162 INFO org.springframework.boot.SpringApplication [main] No active profile set, falling back to default profiles: default
2019-10-13 20:11:21,745 INFO org.springframework.boot.web.embedded.tomcat.TomcatWebServer [main] Tomcat initialized with port(s): 8080 (http)
2019-10-13 20:11:21,768 INFO org.apache.juli.logging.DirectJDKLog [main] Initializing ProtocolHandler ["http-nio-8080"]
2019-10-13 20:11:21,783 INFO org.apache.juli.logging.DirectJDKLog [main] Starting service [Tomcat]
2019-10-13 20:11:21,784 INFO org.apache.juli.logging.DirectJDKLog [main] Starting Servlet engine: [Apache Tomcat/9.0.26]
2019-10-13 20:11:21,887 INFO org.apache.juli.logging.DirectJDKLog [main] Initializing Spring embedded WebApplicationContext
2019-10-13 20:11:21,888 INFO org.springframework.boot.web.servlet.context.ServletWebServerApplicationContext [main] Root WebApplicationContext: initialization completed in 1596 ms
2019-10-13 20:11:22,153 INFO org.springframework.scheduling.concurrent.ExecutorConfigurationSupport [main] Initializing ExecutorService 'applicationTaskExecutor'
2019-10-13 20:11:22,221 WARN org.springframework.context.support.AbstractApplicationContext [main] Exception encountered during context initialization - cancelling refresh attempt: org.springframework.beans.factory.BeanCreationException: Error creating bean with name 'requestMappingHandlerMapping' defined in class path resource [org/springframework/boot/autoconfigure/web/servlet/WebMvcAutoConfiguration$EnableWebMvcConfiguration.class]: Invocation of init method failed; nested exception is java.lang.IllegalStateException: Ambiguous mapping. Cannot map 'errorController' method 
public org.springframework.http.ResponseEntity<java.util.Map<java.lang.String, java.lang.Object>> com.vedarth.coffeeorder.controller.AppErrorController.error(javax.servlet.http.HttpServletRequest)
to { /error}: There is already 'appErrorController' bean method
public org.springframework.http.ResponseEntity<java.util.Map<java.lang.String, java.lang.Object>> com.vedarth.coffeeorder.controller.AppErrorController.error(javax.servlet.http.HttpServletRequest) mapped.
2019-10-13 20:11:22,221 INFO org.springframework.scheduling.concurrent.ExecutorConfigurationSupport [main] Shutting down ExecutorService 'applicationTaskExecutor'
2019-10-13 20:11:22,225 INFO org.apache.juli.logging.DirectJDKLog [main] Stopping service [Tomcat]
2019-10-13 20:11:22,239 INFO org.springframework.boot.autoconfigure.logging.ConditionEvaluationReportLoggingListener [main] 

Error starting ApplicationContext. To display the conditions report re-run your application with 'debug' enabled.
2019-10-13 20:11:22,243 ERROR org.springframework.boot.SpringApplication [main] Application run failed
org.springframework.beans.factory.BeanCreationException: Error creating bean with name 'requestMappingHandlerMapping' defined in class path resource [org/springframework/boot/autoconfigure/web/servlet/WebMvcAutoConfiguration$EnableWebMvcConfiguration.class]: Invocation of init method failed; nested exception is java.lang.IllegalStateException: Ambiguous mapping. Cannot map 'errorController' method 
public org.springframework.http.ResponseEntity<java.util.Map<java.lang.String, java.lang.Object>> com.vedarth.coffeeorder.controller.AppErrorController.error(javax.servlet.http.HttpServletRequest)
to { /error}: There is already 'appErrorController' bean method
public org.springframework.http.ResponseEntity<java.util.Map<java.lang.String, java.lang.Object>> com.vedarth.coffeeorder.controller.AppErrorController.error(javax.servlet.http.HttpServletRequest) mapped.
	at org.springframework.beans.factory.support.AbstractAutowireCapableBeanFactory.initializeBean(AbstractAutowireCapableBeanFactory.java:1778)
	at org.springframework.beans.factory.support.AbstractAutowireCapableBeanFactory.doCreateBean(AbstractAutowireCapableBeanFactory.java:593)
	at org.springframework.beans.factory.support.AbstractAutowireCapableBeanFactory.createBean(AbstractAutowireCapableBeanFactory.java:515)
	at org.springframework.beans.factory.support.AbstractBeanFactory.lambda$doGetBean$0(AbstractBeanFactory.java:320)
	at org.springframework.beans.factory.support.DefaultSingletonBeanRegistry.getSingleton(DefaultSingletonBeanRegistry.java:222)
	at org.springframework.beans.factory.support.AbstractBeanFactory.doGetBean(AbstractBeanFactory.java:318)
	at org.springframework.beans.factory.support.AbstractBeanFactory.getBean(AbstractBeanFactory.java:199)
	at org.springframework.beans.factory.support.DefaultListableBeanFactory.preInstantiateSingletons(DefaultListableBeanFactory.java:847)
	at org.springframework.context.support.AbstractApplicationContext.finishBeanFactoryInitialization(AbstractApplicationContext.java:877)
	at org.springframework.context.support.AbstractApplicationContext.refresh(AbstractApplicationContext.java:549)
	at org.springframework.boot.web.servlet.context.ServletWebServerApplicationContext.refresh(ServletWebServerApplicationContext.java:141)
	at org.springframework.boot.SpringApplication.refresh(SpringApplication.java:744)
	at org.springframework.boot.SpringApplication.refreshContext(SpringApplication.java:391)
	at org.springframework.boot.SpringApplication.run(SpringApplication.java:312)
	at org.springframework.boot.SpringApplication.run(SpringApplication.java:1215)
	at org.springframework.boot.SpringApplication.run(SpringApplication.java:1204)
	at com.vedarth.coffeeorder.controller.OrderManagementApplication.main(OrderManagementApplication.java:12)
Caused by: java.lang.IllegalStateException: Ambiguous mapping. Cannot map 'errorController' method 
public org.springframework.http.ResponseEntity<java.util.Map<java.lang.String, java.lang.Object>> com.vedarth.coffeeorder.controller.AppErrorController.error(javax.servlet.http.HttpServletRequest)
to { /error}: There is already 'appErrorController' bean method
public org.springframework.http.ResponseEntity<java.util.Map<java.lang.String, java.lang.Object>> com.vedarth.coffeeorder.controller.AppErrorController.error(javax.servlet.http.HttpServletRequest) mapped.
	at org.springframework.web.servlet.handler.AbstractHandlerMethodMapping$MappingRegistry.assertUniqueMethodMapping(AbstractHandlerMethodMapping.java:619)
	at org.springframework.web.servlet.handler.AbstractHandlerMethodMapping$MappingRegistry.register(AbstractHandlerMethodMapping.java:587)
	at org.springframework.web.servlet.handler.AbstractHandlerMethodMapping.registerHandlerMethod(AbstractHandlerMethodMapping.java:313)
	at org.springframework.web.servlet.handler.AbstractHandlerMethodMapping.lambda$detectHandlerMethods$1(AbstractHandlerMethodMapping.java:283)
	at java.base/java.util.LinkedHashMap.forEach(LinkedHashMap.java:684)
	at org.springframework.web.servlet.handler.AbstractHandlerMethodMapping.detectHandlerMethods(AbstractHandlerMethodMapping.java:281)
	at org.springframework.web.servlet.handler.AbstractHandlerMethodMapping.processCandidateBean(AbstractHandlerMethodMapping.java:253)
	at org.springframework.web.servlet.handler.AbstractHandlerMethodMapping.initHandlerMethods(AbstractHandlerMethodMapping.java:212)
	at org.springframework.web.servlet.handler.AbstractHandlerMethodMapping.afterPropertiesSet(AbstractHandlerMethodMapping.java:200)
	at org.springframework.web.servlet.mvc.method.annotation.RequestMappingHandlerMapping.afterPropertiesSet(RequestMappingHandlerMapping.java:165)
	at org.springframework.beans.factory.support.AbstractAutowireCapableBeanFactory.invokeInitMethods(AbstractAutowireCapableBeanFactory.java:1837)
	at org.springframework.beans.factory.support.AbstractAutowireCapableBeanFactory.initializeBean(AbstractAutowireCapableBeanFactory.java:1774)
	... 16 common frames omitted
2019-10-13 20:18:29,380 INFO org.springframework.boot.StartupInfoLogger [main] Starting OrderManagementApplication on vedarths-mbp.lan with PID 17569 (/Users/darth/Downloads/vws-order-management/vds-order-service/target/classes started by darth in /Users/darth/Downloads/vws-order-management)
2019-10-13 20:18:29,420 INFO org.springframework.boot.SpringApplication [main] No active profile set, falling back to default profiles: default
2019-10-13 20:18:31,182 INFO org.springframework.boot.web.embedded.tomcat.TomcatWebServer [main] Tomcat initialized with port(s): 8080 (http)
2019-10-13 20:18:31,204 INFO org.apache.juli.logging.DirectJDKLog [main] Initializing ProtocolHandler ["http-nio-8080"]
2019-10-13 20:18:31,221 INFO org.apache.juli.logging.DirectJDKLog [main] Starting service [Tomcat]
2019-10-13 20:18:31,221 INFO org.apache.juli.logging.DirectJDKLog [main] Starting Servlet engine: [Apache Tomcat/9.0.26]
2019-10-13 20:18:31,332 INFO org.apache.juli.logging.DirectJDKLog [main] Initializing Spring embedded WebApplicationContext
2019-10-13 20:18:31,333 INFO org.springframework.boot.web.servlet.context.ServletWebServerApplicationContext [main] Root WebApplicationContext: initialization completed in 1782 ms
2019-10-13 20:18:31,592 INFO org.springframework.scheduling.concurrent.ExecutorConfigurationSupport [main] Initializing ExecutorService 'applicationTaskExecutor'
2019-10-13 20:18:31,792 INFO org.apache.juli.logging.DirectJDKLog [main] Starting ProtocolHandler ["http-nio-8080"]
2019-10-13 20:18:31,827 INFO org.springframework.boot.web.embedded.tomcat.TomcatWebServer [main] Tomcat started on port(s): 8080 (http) with context path ''
2019-10-13 20:18:31,832 INFO org.springframework.boot.StartupInfoLogger [main] Started OrderManagementApplication in 3.917 seconds (JVM running for 4.558)
2019-10-13 21:13:22,476 INFO org.apache.juli.logging.DirectJDKLog [http-nio-8080-exec-1] Initializing Spring DispatcherServlet 'dispatcherServlet'
2019-10-13 21:13:22,479 INFO org.springframework.web.servlet.FrameworkServlet [http-nio-8080-exec-1] Initializing Servlet 'dispatcherServlet'
2019-10-13 21:13:22,495 INFO org.springframework.web.servlet.FrameworkServlet [http-nio-8080-exec-1] Completed initialization in 15 ms
2019-10-13 21:17:19,591 INFO org.springframework.scheduling.concurrent.ExecutorConfigurationSupport [Thread-2] Shutting down ExecutorService 'applicationTaskExecutor'
2019-10-13 21:17:29,981 INFO org.springframework.boot.StartupInfoLogger [main] Starting OrderManagementApplication on vedarths-mbp.lan with PID 17645 (/Users/darth/Downloads/vws-order-management/vds-order-service/target/classes started by darth in /Users/darth/Downloads/vws-order-management)
2019-10-13 21:17:30,011 INFO org.springframework.boot.SpringApplication [main] No active profile set, falling back to default profiles: default
2019-10-13 21:17:31,490 INFO org.springframework.boot.web.embedded.tomcat.TomcatWebServer [main] Tomcat initialized with port(s): 8080 (http)
2019-10-13 21:17:31,520 INFO org.apache.juli.logging.DirectJDKLog [main] Initializing ProtocolHandler ["http-nio-8080"]
2019-10-13 21:17:31,537 INFO org.apache.juli.logging.DirectJDKLog [main] Starting service [Tomcat]
2019-10-13 21:17:31,538 INFO org.apache.juli.logging.DirectJDKLog [main] Starting Servlet engine: [Apache Tomcat/9.0.26]
2019-10-13 21:17:31,647 INFO org.apache.juli.logging.DirectJDKLog [main] Initializing Spring embedded WebApplicationContext
2019-10-13 21:17:31,647 INFO org.springframework.boot.web.servlet.context.ServletWebServerApplicationContext [main] Root WebApplicationContext: initialization completed in 1530 ms
2019-10-13 21:17:31,972 INFO org.springframework.scheduling.concurrent.ExecutorConfigurationSupport [main] Initializing ExecutorService 'applicationTaskExecutor'
2019-10-13 21:17:32,175 INFO org.apache.juli.logging.DirectJDKLog [main] Starting ProtocolHandler ["http-nio-8080"]
2019-10-13 21:17:32,219 INFO org.springframework.boot.web.embedded.tomcat.TomcatWebServer [main] Tomcat started on port(s): 8080 (http) with context path ''
2019-10-13 21:17:32,231 INFO org.springframework.boot.StartupInfoLogger [main] Started OrderManagementApplication in 3.531 seconds (JVM running for 4.802)
2019-10-13 21:17:40,753 INFO org.apache.juli.logging.DirectJDKLog [http-nio-8080-exec-2] Initializing Spring DispatcherServlet 'dispatcherServlet'
2019-10-13 21:17:40,753 INFO org.springframework.web.servlet.FrameworkServlet [http-nio-8080-exec-2] Initializing Servlet 'dispatcherServlet'
2019-10-13 21:17:40,763 INFO org.springframework.web.servlet.FrameworkServlet [http-nio-8080-exec-2] Completed initialization in 9 ms
2019-10-13 21:18:08,405 INFO org.springframework.scheduling.concurrent.ExecutorConfigurationSupport [Thread-2] Shutting down ExecutorService 'applicationTaskExecutor'
2019-10-13 21:18:27,663 INFO org.springframework.boot.StartupInfoLogger [main] Starting OrderManagementApplication on vedarths-mbp.lan with PID 17676 (/Users/darth/Downloads/vws-order-management/vds-order-service/target/classes started by darth in /Users/darth/Downloads/vws-order-management)
2019-10-13 21:18:27,669 INFO org.springframework.boot.SpringApplication [main] No active profile set, falling back to default profiles: default
2019-10-13 21:18:29,228 INFO org.springframework.boot.web.embedded.tomcat.TomcatWebServer [main] Tomcat initialized with port(s): 8080 (http)
2019-10-13 21:18:29,255 INFO org.apache.juli.logging.DirectJDKLog [main] Initializing ProtocolHandler ["http-nio-8080"]
2019-10-13 21:18:29,273 INFO org.apache.juli.logging.DirectJDKLog [main] Starting service [Tomcat]
2019-10-13 21:18:29,273 INFO org.apache.juli.logging.DirectJDKLog [main] Starting Servlet engine: [Apache Tomcat/9.0.26]
2019-10-13 21:18:29,381 INFO org.apache.juli.logging.DirectJDKLog [main] Initializing Spring embedded WebApplicationContext
2019-10-13 21:18:29,382 INFO org.springframework.boot.web.servlet.context.ServletWebServerApplicationContext [main] Root WebApplicationContext: initialization completed in 1569 ms
2019-10-13 21:18:29,674 INFO org.springframework.scheduling.concurrent.ExecutorConfigurationSupport [main] Initializing ExecutorService 'applicationTaskExecutor'
2019-10-13 21:18:29,890 INFO org.apache.juli.logging.DirectJDKLog [main] Starting ProtocolHandler ["http-nio-8080"]
2019-10-13 21:18:29,927 INFO org.springframework.boot.web.embedded.tomcat.TomcatWebServer [main] Tomcat started on port(s): 8080 (http) with context path ''
2019-10-13 21:18:29,932 INFO org.springframework.boot.StartupInfoLogger [main] Started OrderManagementApplication in 3.59 seconds (JVM running for 4.554)
2019-10-13 21:18:35,619 INFO org.apache.juli.logging.DirectJDKLog [http-nio-8080-exec-2] Initializing Spring DispatcherServlet 'dispatcherServlet'
2019-10-13 21:18:35,619 INFO org.springframework.web.servlet.FrameworkServlet [http-nio-8080-exec-2] Initializing Servlet 'dispatcherServlet'
2019-10-13 21:18:35,627 INFO org.springframework.web.servlet.FrameworkServlet [http-nio-8080-exec-2] Completed initialization in 7 ms
2019-10-13 21:22:33,749 INFO org.springframework.scheduling.concurrent.ExecutorConfigurationSupport [Thread-2] Shutting down ExecutorService 'applicationTaskExecutor'
2019-10-13 21:22:37,659 INFO org.springframework.boot.StartupInfoLogger [main] Starting OrderManagementApplication on vedarths-mbp.lan with PID 17687 (/Users/darth/Downloads/vws-order-management/vds-order-service/target/classes started by darth in /Users/darth/Downloads/vws-order-management)
2019-10-13 21:22:37,664 INFO org.springframework.boot.SpringApplication [main] No active profile set, falling back to default profiles: default
2019-10-13 21:22:39,620 INFO org.springframework.boot.web.embedded.tomcat.TomcatWebServer [main] Tomcat initialized with port(s): 8080 (http)
2019-10-13 21:22:39,651 INFO org.apache.juli.logging.DirectJDKLog [main] Initializing ProtocolHandler ["http-nio-8080"]
2019-10-13 21:22:39,675 INFO org.apache.juli.logging.DirectJDKLog [main] Starting service [Tomcat]
2019-10-13 21:22:39,676 INFO org.apache.juli.logging.DirectJDKLog [main] Starting Servlet engine: [Apache Tomcat/9.0.26]
2019-10-13 21:22:39,804 INFO org.apache.juli.logging.DirectJDKLog [main] Initializing Spring embedded WebApplicationContext
2019-10-13 21:22:39,804 INFO org.springframework.boot.web.servlet.context.ServletWebServerApplicationContext [main] Root WebApplicationContext: initialization completed in 2003 ms
2019-10-13 21:22:40,113 INFO org.springframework.scheduling.concurrent.ExecutorConfigurationSupport [main] Initializing ExecutorService 'applicationTaskExecutor'
2019-10-13 21:22:40,377 INFO org.apache.juli.logging.DirectJDKLog [main] Starting ProtocolHandler ["http-nio-8080"]
2019-10-13 21:22:40,416 INFO org.springframework.boot.web.embedded.tomcat.TomcatWebServer [main] Tomcat started on port(s): 8080 (http) with context path ''
2019-10-13 21:22:40,422 INFO org.springframework.boot.StartupInfoLogger [main] Started OrderManagementApplication in 3.981 seconds (JVM running for 4.882)
2019-10-13 21:22:49,004 INFO org.apache.juli.logging.DirectJDKLog [http-nio-8080-exec-1] Initializing Spring DispatcherServlet 'dispatcherServlet'
2019-10-13 21:22:49,005 INFO org.springframework.web.servlet.FrameworkServlet [http-nio-8080-exec-1] Initializing Servlet 'dispatcherServlet'
2019-10-13 21:22:49,018 INFO org.springframework.web.servlet.FrameworkServlet [http-nio-8080-exec-1] Completed initialization in 13 ms
2019-10-13 21:23:41,900 INFO org.springframework.scheduling.concurrent.ExecutorConfigurationSupport [Thread-2] Shutting down ExecutorService 'applicationTaskExecutor'
2019-10-13 21:23:44,572 INFO org.springframework.boot.StartupInfoLogger [main] Starting OrderManagementApplication on vedarths-mbp.lan with PID 17692 (/Users/darth/Downloads/vws-order-management/vds-order-service/target/classes started by darth in /Users/darth/Downloads/vws-order-management)
2019-10-13 21:23:44,576 INFO org.springframework.boot.SpringApplication [main] No active profile set, falling back to default profiles: default
2019-10-13 21:23:46,293 INFO org.springframework.boot.web.embedded.tomcat.TomcatWebServer [main] Tomcat initialized with port(s): 8080 (http)
2019-10-13 21:23:46,327 INFO org.apache.juli.logging.DirectJDKLog [main] Initializing ProtocolHandler ["http-nio-8080"]
2019-10-13 21:23:46,349 INFO org.apache.juli.logging.DirectJDKLog [main] Starting service [Tomcat]
2019-10-13 21:23:46,350 INFO org.apache.juli.logging.DirectJDKLog [main] Starting Servlet engine: [Apache Tomcat/9.0.26]
2019-10-13 21:23:46,485 INFO org.apache.juli.logging.DirectJDKLog [main] Initializing Spring embedded WebApplicationContext
2019-10-13 21:23:46,486 INFO org.springframework.boot.web.servlet.context.ServletWebServerApplicationContext [main] Root WebApplicationContext: initialization completed in 1740 ms
2019-10-13 21:23:46,811 INFO org.springframework.scheduling.concurrent.ExecutorConfigurationSupport [main] Initializing ExecutorService 'applicationTaskExecutor'
2019-10-13 21:23:47,051 INFO org.apache.juli.logging.DirectJDKLog [main] Starting ProtocolHandler ["http-nio-8080"]
2019-10-13 21:23:47,091 INFO org.springframework.boot.web.embedded.tomcat.TomcatWebServer [main] Tomcat started on port(s): 8080 (http) with context path ''
2019-10-13 21:23:47,096 INFO org.springframework.boot.StartupInfoLogger [main] Started OrderManagementApplication in 3.665 seconds (JVM running for 4.732)
2019-10-13 21:23:49,618 INFO org.apache.juli.logging.DirectJDKLog [http-nio-8080-exec-2] Initializing Spring DispatcherServlet 'dispatcherServlet'
2019-10-13 21:23:49,619 INFO org.springframework.web.servlet.FrameworkServlet [http-nio-8080-exec-2] Initializing Servlet 'dispatcherServlet'
2019-10-13 21:23:49,634 INFO org.springframework.web.servlet.FrameworkServlet [http-nio-8080-exec-2] Completed initialization in 15 ms
